<?xml version="1.0" encoding="UTF-8"?>
<!-- Generated by org.testng.reporters.JUnitReportReporter -->
<testsuite hostname="RAMARAO" failures="0" tests="1" name="JDBC_Practice.ExecuteUpdateTest" time="0.336" errors="0" timestamp="2022-06-27T23:41:33 IST" skipped="0">
  <testcase classname="JDBC_Practice.ExecuteUpdateTest" name="executeUpdateTest" time="0.336"/>
  <system-out/>
</testsuite> <!-- JDBC_Practice.ExecuteUpdateTest -->
