<?xml version="1.0" encoding="UTF-8"?>
<!-- Generated by org.testng.reporters.JUnitReportReporter -->
<testsuite hostname="RAMARAO" failures="0" tests="1" name="practice.Reports" time="35.165" errors="0" timestamp="2022-07-08T14:00:46 IST" skipped="0">
  <testcase classname="practice.Reports" name="reportCreation" time="35.165"/>
  <system-out/>
</testsuite> <!-- practice.Reports -->
