<?xml version="1.0" encoding="UTF-8"?>
<!-- Generated by org.testng.reporters.JUnitReportReporter -->
<testsuite hostname="DESKTOP-E57397J" failures="0" tests="1" name="com.VTiger.TCs.CreateDeleteCampaignTest" time="51.723" errors="0" timestamp="2022-07-27T23:29:09 IST" skipped="0">
  <testcase classname="com.VTiger.TCs.CreateDeleteCampaignTest" name="createCampaign" time="51.723"/>
  <system-out/>
</testsuite> <!-- com.VTiger.TCs.CreateDeleteCampaignTest -->
