<?xml version="1.0" encoding="UTF-8"?>
<!-- Generated by org.testng.reporters.JUnitReportReporter -->
<testsuite hostname="DESKTOP-E57397J" failures="0" tests="1" name="com.VTiger.TCs.TC_4_create_ContactTest" time="16.711" errors="0" timestamp="2022-07-27T19:08:23 IST" skipped="0">
  <testcase classname="com.VTiger.TCs.TC_4_create_ContactTest" name="createcontactwithorg" time="16.711"/>
  <system-out/>
</testsuite> <!-- com.VTiger.TCs.TC_4_create_ContactTest -->
