<?xml version="1.0" encoding="UTF-8"?>
<!-- Generated by org.testng.reporters.JUnitReportReporter -->
<testsuite hostname="DESKTOP-E57397J" failures="0" tests="2" name="com.TestNG.pac.Annotations2" time="0.023" errors="0" timestamp="2022-07-20T20:56:59 GMT-07:00" skipped="0">
  <testcase classname="com.TestNG.pac.Annotations2" name="anootations2test2" time="0.017"/>
  <system-out/>
  <testcase classname="com.TestNG.pac.Annotations2" name="anootationstest2" time="0.006"/>
  <system-out/>
</testsuite> <!-- com.TestNG.pac.Annotations2 -->
