<?xml version="1.0" encoding="UTF-8"?>
<!-- Generated by org.testng.reporters.JUnitReportReporter -->
<testsuite hostname="DESKTOP-E57397J" failures="0" tests="1" name="com.VTiger.TCs.TC_5_create_org_DDTest" time="22.850" errors="0" timestamp="2022-07-27T19:07:32 IST" skipped="0">
  <testcase classname="com.VTiger.TCs.TC_5_create_org_DDTest" name="createOrgDD" time="22.850"/>
  <system-out/>
</testsuite> <!-- com.VTiger.TCs.TC_5_create_org_DDTest -->
