<?xml version="1.0" encoding="UTF-8"?>
<!-- Generated by org.testng.reporters.JUnitReportReporter -->
<testsuite hostname="DESKTOP-E57397J" failures="0" tests="1" name="com.VTiger.TCs.TC_101_CreateAndVerify_orgTest" time="21.385" errors="0" timestamp="2022-07-26T23:05:35 IST" skipped="0">
  <testcase classname="com.VTiger.TCs.TC_101_CreateAndVerify_orgTest" name="createOrgz" time="21.385"/>
  <system-out/>
</testsuite> <!-- com.VTiger.TCs.TC_101_CreateAndVerify_orgTest -->
