<?xml version="1.0" encoding="UTF-8"?>
<!-- Generated by org.testng.reporters.JUnitReportReporter -->
<testsuite hostname="DESKTOP-E57397J" failures="0" tests="1" name="com.VTiger.TCs.TC_3_Create_Campaign_Delete_CampaignTest" time="33.463" errors="0" timestamp="2022-07-27T19:27:40 IST" skipped="0">
  <testcase classname="com.VTiger.TCs.TC_3_Create_Campaign_Delete_CampaignTest" name="createcamp" time="33.463"/>
  <system-out/>
</testsuite> <!-- com.VTiger.TCs.TC_3_Create_Campaign_Delete_CampaignTest -->
