<?xml version="1.0" encoding="UTF-8"?>
<!-- Generated by org.testng.reporters.JUnitReportReporter -->
<testsuite hostname="DESKTOP-E57397J" failures="0" tests="1" name="com.VTiger.TCs.TC_2_Create_Delete_OrganizationTest" time="53.618" errors="0" timestamp="2022-07-28T11:12:58 IST" skipped="0">
  <testcase classname="com.VTiger.TCs.TC_2_Create_Delete_OrganizationTest" name="deleteOrg" time="53.618"/>
  <system-out/>
</testsuite> <!-- com.VTiger.TCs.TC_2_Create_Delete_OrganizationTest -->
