<?xml version="1.0" encoding="UTF-8"?>
<!-- Generated by org.testng.reporters.JUnitReportReporter -->
<testsuite hostname="RAMARAO" failures="0" tests="1" name="JDBC_Practice.ExecuteQueryTest" time="0.474" errors="0" timestamp="2022-06-27T23:30:01 IST" skipped="0">
  <testcase classname="JDBC_Practice.ExecuteQueryTest" name="executeQueryTest" time="0.474"/>
  <system-out/>
</testsuite> <!-- JDBC_Practice.ExecuteQueryTest -->
